# JRE version: OpenJDK Runtime Environment (8.0_152-b01) (build 1.8.0_152-release-1248-b01)
# Java VM: OpenJDK 64-Bit Server VM (25.152-b01 mixed mode windows-amd64 compressed oops)
Heap:
 PSYoungGen      total 173568K, used 101691K [0x00000000e0000000, 0x00000000ed400000, 0x0000000100000000)
  eden space 160256K, 55% used [0x00000000e0000000,0x00000000e564f9e0,0x00000000e9c80000)
  from space 13312K, 99% used [0x00000000ead00000,0x00000000eb9ff5c8,0x00000000eba00000)
  to   space 16896K, 0% used [0x00000000e9c80000,0x00000000e9c80000,0x00000000ead00000)
 ParOldGen       total 98816K, used 23982K [0x00000000a0000000, 0x00000000a6080000, 0x00000000e0000000)
  object space 98816K, 24% used [0x00000000a0000000,0x00000000a176bb20,0x00000000a6080000)
 Metaspace       used 54457K, capacity 55732K, committed 55936K, reserved 1097728K
  class space    used 7377K, capacity 7763K, committed 7808K, reserved 1048576K
GC Heap History (10 events):
Event: 25.869 GC heap before
{Heap before GC invocations=6 (full 1):
 PSYoungGen      total 71680K, used 5088K [0x00000000e0000000, 0x00000000e9800000, 0x0000000100000000)
  eden space 66560K, 0% used [0x00000000e0000000,0x00000000e0000000,0x00000000e4100000)
  from space 5120K, 99% used [0x00000000e4100000,0x00000000e45f8030,0x00000000e4600000)
  to   space 11264K, 0% used [0x00000000e8d00000,0x00000000e8d00000,0x00000000e9800000)
 ParOldGen       total 87552K, used 9271K [0x00000000a0000000, 0x00000000a5580000, 0x00000000e0000000)
  object space 87552K, 10% used [0x00000000a0000000,0x00000000a090dde8,0x00000000a5580000)
 Metaspace       used 20690K, capacity 21116K, committed 21296K, reserved 1067008K
  class space    used 2907K, capacity 3087K, committed 3200K, reserved 1048576K
Event: 26.042 GC heap after
Heap after GC invocations=6 (full 1):
 PSYoungGen      total 71680K, used 0K [0x00000000e0000000, 0x00000000e9800000, 0x0000000100000000)
  eden space 66560K, 0% used [0x00000000e0000000,0x00000000e0000000,0x00000000e4100000)
  from space 5120K, 0% used [0x00000000e4100000,0x00000000e4100000,0x00000000e4600000)
  to   space 11264K, 0% used [0x00000000e8d00000,0x00000000e8d00000,0x00000000e9800000)
 ParOldGen       total 61440K, used 9401K [0x00000000a0000000, 0x00000000a3c00000, 0x00000000e0000000)
  object space 61440K, 15% used [0x00000000a0000000,0x00000000a092e410,0x00000000a3c00000)
 Metaspace       used 20690K, capacity 21116K, committed 21296K, reserved 1067008K
  class space    used 2907K, capacity 3087K, committed 3200K, reserved 1048576K
}
Event: 31.541 GC heap before
{Heap before GC invocations=7 (full 1):
 PSYoungGen      total 71680K, used 66560K [0x00000000e0000000, 0x00000000e9800000, 0x0000000100000000)
  eden space 66560K, 100% used [0x00000000e0000000,0x00000000e4100000,0x00000000e4100000)
  from space 5120K, 0% used [0x00000000e4100000,0x00000000e4100000,0x00000000e4600000)
  to   space 11264K, 0% used [0x00000000e8d00000,0x00000000e8d00000,0x00000000e9800000)
 ParOldGen       total 61440K, used 9401K [0x00000000a0000000, 0x00000000a3c00000, 0x00000000e0000000)
  object space 61440K, 15% used [0x00000000a0000000,0x00000000a092e410,0x00000000a3c00000)
 Metaspace       used 26809K, capacity 27326K, committed 27520K, reserved 1073152K
  class space    used 3740K, capacity 3934K, committed 3968K, reserved 1048576K
Event: 31.583 GC heap after
Heap after GC invocations=7 (full 1):
 PSYoungGen      total 112640K, used 6424K [0x00000000e0000000, 0x00000000e9380000, 0x0000000100000000)
  eden space 105984K, 0% used [0x00000000e0000000,0x00000000e0000000,0x00000000e6780000)
  from space 6656K, 96% used [0x00000000e8d00000,0x00000000e93462f0,0x00000000e9380000)
  to   space 10752K, 0% used [0x00000000e7e80000,0x00000000e7e80000,0x00000000e8900000)
 ParOldGen       total 61440K, used 9409K [0x00000000a0000000, 0x00000000a3c00000, 0x00000000e0000000)
  object space 61440K, 15% used [0x00000000a0000000,0x00000000a0930410,0x00000000a3c00000)
 Metaspace       used 26809K, capacity 27326K, committed 27520K, reserved 1073152K
  class space    used 3740K, capacity 3934K, committed 3968K, reserved 1048576K
}
Event: 40.511 GC heap before
{Heap before GC invocations=8 (full 1):
 PSYoungGen      total 112640K, used 106423K [0x00000000e0000000, 0x00000000e9380000, 0x0000000100000000)
  eden space 105984K, 94% used [0x00000000e0000000,0x00000000e61a7a48,0x00000000e6780000)
  from space 6656K, 96% used [0x00000000e8d00000,0x00000000e93462f0,0x00000000e9380000)
  to   space 10752K, 0% used [0x00000000e7e80000,0x00000000e7e80000,0x00000000e8900000)
 ParOldGen       total 61440K, used 9409K [0x00000000a0000000, 0x00000000a3c00000, 0x00000000e0000000)
  object space 61440K, 15% used [0x00000000a0000000,0x00000000a0930410,0x00000000a3c00000)
 Metaspace       used 34849K, capacity 35432K, committed 35496K, reserved 1079296K
  class space    used 4866K, capacity 5078K, committed 5120K, reserved 1048576K
Event: 40.541 GC heap after
Heap after GC invocations=8 (full 1):
 PSYoungGen      total 140288K, used 10747K [0x00000000e0000000, 0x00000000eba00000, 0x0000000100000000)
  eden space 129536K, 0% used [0x00000000e0000000,0x00000000e0000000,0x00000000e7e80000)
  from space 10752K, 99% used [0x00000000e7e80000,0x00000000e88fed20,0x00000000e8900000)
  to   space 13312K, 0% used [0x00000000ead00000,0x00000000ead00000,0x00000000eba00000)
 ParOldGen       total 61440K, used 12116K [0x00000000a0000000, 0x00000000a3c00000, 0x00000000e0000000)
  object space 61440K, 19% used [0x00000000a0000000,0x00000000a0bd5098,0x00000000a3c00000)
 Metaspace       used 34849K, capacity 35432K, committed 35496K, reserved 1079296K
  class space    used 4866K, capacity 5078K, committed 5120K, reserved 1048576K
}
Event: 40.541 GC heap before
{Heap before GC invocations=9 (full 2):
 PSYoungGen      total 140288K, used 10747K [0x00000000e0000000, 0x00000000eba00000, 0x0000000100000000)
  eden space 129536K, 0% used [0x00000000e0000000,0x00000000e0000000,0x00000000e7e80000)
  from space 10752K, 99% used [0x00000000e7e80000,0x00000000e88fed20,0x00000000e8900000)
  to   space 13312K, 0% used [0x00000000ead00000,0x00000000ead00000,0x00000000eba00000)
 ParOldGen       total 61440K, used 12116K [0x00000000a0000000, 0x00000000a3c00000, 0x00000000e0000000)
  object space 61440K, 19% used [0x00000000a0000000,0x00000000a0bd5098,0x00000000a3c00000)
 Metaspace       used 34849K, capacity 35432K, committed 35496K, reserved 1079296K
  class space    used 4866K, capacity 5078K, committed 5120K, reserved 1048576K
Event: 40.762 GC heap after
Heap after GC invocations=9 (full 2):
 PSYoungGen      total 140288K, used 0K [0x00000000e0000000, 0x00000000eba00000, 0x0000000100000000)
  eden space 129536K, 0% used [0x00000000e0000000,0x00000000e0000000,0x00000000e7e80000)
  from space 10752K, 0% used [0x00000000e7e80000,0x00000000e7e80000,0x00000000e8900000)
  to   space 13312K, 0% used [0x00000000ead00000,0x00000000ead00000,0x00000000eba00000)
 ParOldGen       total 98816K, used 19800K [0x00000000a0000000, 0x00000000a6080000, 0x00000000e0000000)
  object space 98816K, 20% used [0x00000000a0000000,0x00000000a1356150,0x00000000a6080000)
 Metaspace       used 34849K, capacity 35432K, committed 35496K, reserved 1079296K
  class space    used 4866K, capacity 5078K, committed 5120K, reserved 1048576K
}
Event: 43.855 GC heap before
{Heap before GC invocations=10 (full 2):
 PSYoungGen      total 140288K, used 129536K [0x00000000e0000000, 0x00000000eba00000, 0x0000000100000000)
  eden space 129536K, 100% used [0x00000000e0000000,0x00000000e7e80000,0x00000000e7e80000)
  from space 10752K, 0% used [0x00000000e7e80000,0x00000000e7e80000,0x00000000e8900000)
  to   space 13312K, 0% used [0x00000000ead00000,0x00000000ead00000,0x00000000eba00000)
 ParOldGen       total 98816K, used 19800K [0x00000000a0000000, 0x00000000a6080000, 0x00000000e0000000)
  object space 98816K, 20% used [0x00000000a0000000,0x00000000a1356150,0x00000000a6080000)
 Metaspace       used 48093K, capacity 49012K, committed 49408K, reserved 1091584K
  class space    used 6514K, capacity 6797K, committed 6912K, reserved 1048576K
Event: 43.877 GC heap after
Heap after GC invocations=10 (full 2):
 PSYoungGen      total 173568K, used 13309K [0x00000000e0000000, 0x00000000ed400000, 0x0000000100000000)
  eden space 160256K, 0% used [0x00000000e0000000,0x00000000e0000000,0x00000000e9c80000)
  from space 13312K, 99% used [0x00000000ead00000,0x00000000eb9ff5c8,0x00000000eba00000)
  to   space 16896K, 0% used [0x00000000e9c80000,0x00000000e9c80000,0x00000000ead00000)
 ParOldGen       total 98816K, used 23982K [0x00000000a0000000, 0x00000000a6080000, 0x00000000e0000000)
  object space 98816K, 24% used [0x00000000a0000000,0x00000000a176bb20,0x00000000a6080000)
 Metaspace       used 48093K, capacity 49012K, committed 49408K, reserved 1091584K
  class space    used 6514K, capacity 6797K, committed 6912K, reserved 1048576K
}

